mode: set
github.com/factly/dega-server/service/fact-check/action/rating/create.go:33.53,36.16 2 1
github.com/factly/dega-server/service/fact-check/action/rating/create.go:36.16,40.3 3 0
github.com/factly/dega-server/service/fact-check/action/rating/create.go:42.2,43.16 2 1
github.com/factly/dega-server/service/fact-check/action/rating/create.go:43.16,48.3 4 0
github.com/factly/dega-server/service/fact-check/action/rating/create.go:50.2,52.16 3 1
github.com/factly/dega-server/service/fact-check/action/rating/create.go:52.16,56.3 3 1
github.com/factly/dega-server/service/fact-check/action/rating/create.go:58.2,60.23 3 1
github.com/factly/dega-server/service/fact-check/action/rating/create.go:60.23,63.3 2 1
github.com/factly/dega-server/service/fact-check/action/rating/create.go:66.2,66.28 1 1
github.com/factly/dega-server/service/fact-check/action/rating/create.go:66.28,68.3 1 0
github.com/factly/dega-server/service/fact-check/action/rating/create.go:70.2,70.22 1 1
github.com/factly/dega-server/service/fact-check/action/rating/create.go:70.22,71.69 1 0
github.com/factly/dega-server/service/fact-check/action/rating/create.go:71.69,72.67 1 0
github.com/factly/dega-server/service/fact-check/action/rating/create.go:72.67,76.5 3 0
github.com/factly/dega-server/service/fact-check/action/rating/create.go:80.2,80.45 1 1
github.com/factly/dega-server/service/fact-check/action/rating/create.go:83.49,97.2 2 0
github.com/factly/dega-server/service/fact-check/action/rating/default.go:33.61,35.16 2 1
github.com/factly/dega-server/service/fact-check/action/rating/default.go:35.16,39.3 3 0
github.com/factly/dega-server/service/fact-check/action/rating/default.go:41.2,42.16 2 1
github.com/factly/dega-server/service/fact-check/action/rating/default.go:42.16,46.3 3 0
github.com/factly/dega-server/service/fact-check/action/rating/default.go:48.2,49.16 2 1
github.com/factly/dega-server/service/fact-check/action/rating/default.go:49.16,53.3 3 1
github.com/factly/dega-server/service/fact-check/action/rating/default.go:55.2,61.16 5 1
github.com/factly/dega-server/service/fact-check/action/rating/default.go:61.16,65.3 3 1
github.com/factly/dega-server/service/fact-check/action/rating/default.go:67.2,69.23 3 1
github.com/factly/dega-server/service/fact-check/action/rating/default.go:69.23,72.3 2 0
github.com/factly/dega-server/service/fact-check/action/rating/default.go:74.2,74.30 1 1
github.com/factly/dega-server/service/fact-check/action/rating/default.go:74.30,75.29 1 1
github.com/factly/dega-server/service/fact-check/action/rating/default.go:75.29,77.4 1 0
github.com/factly/dega-server/service/fact-check/action/rating/default.go:80.2,80.45 1 1
github.com/factly/dega-server/service/fact-check/action/rating/delete.go:29.53,32.16 2 1
github.com/factly/dega-server/service/fact-check/action/rating/delete.go:32.16,36.3 3 0
github.com/factly/dega-server/service/fact-check/action/rating/delete.go:38.2,41.16 3 1
github.com/factly/dega-server/service/fact-check/action/rating/delete.go:41.16,45.3 3 1
github.com/factly/dega-server/service/fact-check/action/rating/delete.go:47.2,54.16 5 1
github.com/factly/dega-server/service/fact-check/action/rating/delete.go:54.16,58.3 3 1
github.com/factly/dega-server/service/fact-check/action/rating/delete.go:60.2,61.23 2 1
github.com/factly/dega-server/service/fact-check/action/rating/delete.go:61.23,64.3 2 0
github.com/factly/dega-server/service/fact-check/action/rating/delete.go:67.2,67.28 1 1
github.com/factly/dega-server/service/fact-check/action/rating/delete.go:67.28,69.3 1 0
github.com/factly/dega-server/service/fact-check/action/rating/delete.go:70.2,70.22 1 1
github.com/factly/dega-server/service/fact-check/action/rating/delete.go:70.22,71.69 1 0
github.com/factly/dega-server/service/fact-check/action/rating/delete.go:71.69,72.67 1 0
github.com/factly/dega-server/service/fact-check/action/rating/delete.go:72.67,76.5 3 0
github.com/factly/dega-server/service/fact-check/action/rating/delete.go:81.2,81.37 1 1
github.com/factly/dega-server/service/fact-check/action/rating/details.go:26.54,31.16 3 1
github.com/factly/dega-server/service/fact-check/action/rating/details.go:31.16,35.3 3 1
github.com/factly/dega-server/service/fact-check/action/rating/details.go:37.2,38.16 2 1
github.com/factly/dega-server/service/fact-check/action/rating/details.go:38.16,42.3 3 0
github.com/factly/dega-server/service/fact-check/action/rating/details.go:44.2,47.16 3 1
github.com/factly/dega-server/service/fact-check/action/rating/details.go:47.16,51.3 3 1
github.com/factly/dega-server/service/fact-check/action/rating/details.go:53.2,53.40 1 1
github.com/factly/dega-server/service/fact-check/action/rating/list.go:34.51,37.16 2 1
github.com/factly/dega-server/service/fact-check/action/rating/list.go:37.16,41.3 3 0
github.com/factly/dega-server/service/fact-check/action/rating/list.go:43.2,50.23 6 1
github.com/factly/dega-server/service/fact-check/action/rating/list.go:50.23,53.3 2 0
github.com/factly/dega-server/service/fact-check/action/rating/list.go:55.2,55.40 1 1
github.com/factly/dega-server/service/fact-check/action/rating/route.go:32.26,41.45 6 1
github.com/factly/dega-server/service/fact-check/action/rating/route.go:41.45,45.3 3 1
github.com/factly/dega-server/service/fact-check/action/rating/route.go:47.2,47.10 1 1
github.com/factly/dega-server/service/fact-check/action/rating/update.go:32.53,35.16 2 1
github.com/factly/dega-server/service/fact-check/action/rating/update.go:35.16,39.3 3 0
github.com/factly/dega-server/service/fact-check/action/rating/update.go:41.2,42.16 2 1
github.com/factly/dega-server/service/fact-check/action/rating/update.go:42.16,46.3 3 0
github.com/factly/dega-server/service/fact-check/action/rating/update.go:48.2,51.16 3 1
github.com/factly/dega-server/service/fact-check/action/rating/update.go:51.16,55.3 3 1
github.com/factly/dega-server/service/fact-check/action/rating/update.go:57.2,61.16 3 1
github.com/factly/dega-server/service/fact-check/action/rating/update.go:61.16,65.3 3 1
github.com/factly/dega-server/service/fact-check/action/rating/update.go:67.2,69.16 3 1
github.com/factly/dega-server/service/fact-check/action/rating/update.go:69.16,73.3 3 1
github.com/factly/dega-server/service/fact-check/action/rating/update.go:75.2,76.23 2 1
github.com/factly/dega-server/service/fact-check/action/rating/update.go:76.23,79.3 2 1
github.com/factly/dega-server/service/fact-check/action/rating/update.go:81.2,93.28 2 1
github.com/factly/dega-server/service/fact-check/action/rating/update.go:93.28,95.3 1 0
github.com/factly/dega-server/service/fact-check/action/rating/update.go:97.2,97.22 1 1
github.com/factly/dega-server/service/fact-check/action/rating/update.go:97.22,98.69 1 0
github.com/factly/dega-server/service/fact-check/action/rating/update.go:98.69,99.67 1 0
github.com/factly/dega-server/service/fact-check/action/rating/update.go:99.67,103.5 3 0
github.com/factly/dega-server/service/fact-check/action/rating/update.go:107.2,107.40 1 1
