mode: set
github.com/factly/dega-server/service/fact-check/service/rating.go:60.120,64.26 2 1
github.com/factly/dega-server/service/fact-check/service/rating.go:64.26,68.3 3 1
github.com/factly/dega-server/service/fact-check/service/rating.go:70.2,76.51 5 1
github.com/factly/dega-server/service/fact-check/service/rating.go:76.51,78.3 1 1
github.com/factly/dega-server/service/fact-check/service/rating.go:78.8,80.3 1 1
github.com/factly/dega-server/service/fact-check/service/rating.go:82.2,82.55 1 1
github.com/factly/dega-server/service/fact-check/service/rating.go:82.55,86.3 3 1
github.com/factly/dega-server/service/fact-check/service/rating.go:89.2,96.26 4 1
github.com/factly/dega-server/service/fact-check/service/rating.go:96.26,100.3 3 0
github.com/factly/dega-server/service/fact-check/service/rating.go:101.2,102.26 2 1
github.com/factly/dega-server/service/fact-check/service/rating.go:102.26,104.3 1 0
github.com/factly/dega-server/service/fact-check/service/rating.go:106.2,109.44 4 1
github.com/factly/dega-server/service/fact-check/service/rating.go:109.44,111.17 2 1
github.com/factly/dega-server/service/fact-check/service/rating.go:111.17,114.4 2 0
github.com/factly/dega-server/service/fact-check/service/rating.go:116.3,117.17 2 1
github.com/factly/dega-server/service/fact-check/service/rating.go:117.17,120.4 2 0
github.com/factly/dega-server/service/fact-check/service/rating.go:123.2,146.16 4 1
github.com/factly/dega-server/service/fact-check/service/rating.go:146.16,150.3 3 1
github.com/factly/dega-server/service/fact-check/service/rating.go:152.2,155.21 3 1
github.com/factly/dega-server/service/fact-check/service/rating.go:159.70,165.24 4 1
github.com/factly/dega-server/service/fact-check/service/rating.go:165.24,168.3 2 0
github.com/factly/dega-server/service/fact-check/service/rating.go:170.2,174.12 4 1
github.com/factly/dega-server/service/fact-check/service/rating.go:178.72,186.2 4 1
github.com/factly/dega-server/service/fact-check/service/rating.go:189.116,200.19 5 1
github.com/factly/dega-server/service/fact-check/service/rating.go:200.19,202.3 1 1
github.com/factly/dega-server/service/fact-check/service/rating.go:202.8,204.3 1 1
github.com/factly/dega-server/service/fact-check/service/rating.go:206.2,206.16 1 1
github.com/factly/dega-server/service/fact-check/service/rating.go:206.16,209.3 2 0
github.com/factly/dega-server/service/fact-check/service/rating.go:211.2,211.20 1 1
github.com/factly/dega-server/service/fact-check/service/rating.go:215.107,220.26 4 1
github.com/factly/dega-server/service/fact-check/service/rating.go:220.26,223.3 2 1
github.com/factly/dega-server/service/fact-check/service/rating.go:225.2,232.16 2 1
github.com/factly/dega-server/service/fact-check/service/rating.go:232.16,235.3 2 0
github.com/factly/dega-server/service/fact-check/service/rating.go:237.2,244.32 5 1
github.com/factly/dega-server/service/fact-check/service/rating.go:244.32,246.3 1 0
github.com/factly/dega-server/service/fact-check/service/rating.go:246.8,246.58 1 1
github.com/factly/dega-server/service/fact-check/service/rating.go:246.58,248.3 1 1
github.com/factly/dega-server/service/fact-check/service/rating.go:248.8,250.3 1 0
github.com/factly/dega-server/service/fact-check/service/rating.go:253.2,253.85 1 1
github.com/factly/dega-server/service/fact-check/service/rating.go:253.85,256.3 2 1
github.com/factly/dega-server/service/fact-check/service/rating.go:258.2,258.48 1 1
github.com/factly/dega-server/service/fact-check/service/rating.go:258.48,266.27 3 1
github.com/factly/dega-server/service/fact-check/service/rating.go:266.27,269.4 2 0
github.com/factly/dega-server/service/fact-check/service/rating.go:272.2,274.44 3 1
github.com/factly/dega-server/service/fact-check/service/rating.go:274.44,276.17 2 0
github.com/factly/dega-server/service/fact-check/service/rating.go:276.17,279.4 2 0
github.com/factly/dega-server/service/fact-check/service/rating.go:281.3,282.17 2 0
github.com/factly/dega-server/service/fact-check/service/rating.go:282.17,285.4 2 0
github.com/factly/dega-server/service/fact-check/service/rating.go:288.2,308.26 3 1
github.com/factly/dega-server/service/fact-check/service/rating.go:308.26,310.3 1 1
github.com/factly/dega-server/service/fact-check/service/rating.go:312.2,314.16 2 1
github.com/factly/dega-server/service/fact-check/service/rating.go:314.16,318.3 3 0
github.com/factly/dega-server/service/fact-check/service/rating.go:320.2,322.21 2 1
github.com/factly/dega-server/service/fact-check/service/rating.go:325.40,329.2 1 1
github.com/factly/dega-server/service/fact-check/service/rating.go:331.119,335.25 3 1
github.com/factly/dega-server/service/fact-check/service/rating.go:335.25,338.17 3 1
github.com/factly/dega-server/service/fact-check/service/rating.go:338.17,341.4 2 0
github.com/factly/dega-server/service/fact-check/service/rating.go:343.3,344.17 2 1
github.com/factly/dega-server/service/fact-check/service/rating.go:344.17,348.4 3 0
github.com/factly/dega-server/service/fact-check/service/rating.go:350.3,350.68 1 1
github.com/factly/dega-server/service/fact-check/service/rating.go:353.2,357.20 5 1
