mode: set
github.com/factly/dega-server/service/fact-check/service/rating.go:59.120,63.26 2 1
github.com/factly/dega-server/service/fact-check/service/rating.go:63.26,66.3 2 1
github.com/factly/dega-server/service/fact-check/service/rating.go:68.2,74.51 5 1
github.com/factly/dega-server/service/fact-check/service/rating.go:74.51,76.3 1 1
github.com/factly/dega-server/service/fact-check/service/rating.go:76.8,78.3 1 1
github.com/factly/dega-server/service/fact-check/service/rating.go:80.2,80.55 1 1
github.com/factly/dega-server/service/fact-check/service/rating.go:80.55,83.3 2 1
github.com/factly/dega-server/service/fact-check/service/rating.go:86.2,92.26 3 1
github.com/factly/dega-server/service/fact-check/service/rating.go:92.26,95.3 2 0
github.com/factly/dega-server/service/fact-check/service/rating.go:96.2,97.26 2 1
github.com/factly/dega-server/service/fact-check/service/rating.go:97.26,99.3 1 0
github.com/factly/dega-server/service/fact-check/service/rating.go:101.2,104.44 4 1
github.com/factly/dega-server/service/fact-check/service/rating.go:104.44,106.17 2 1
github.com/factly/dega-server/service/fact-check/service/rating.go:106.17,109.4 2 0
github.com/factly/dega-server/service/fact-check/service/rating.go:111.3,112.17 2 1
github.com/factly/dega-server/service/fact-check/service/rating.go:112.17,115.4 2 0
github.com/factly/dega-server/service/fact-check/service/rating.go:118.2,141.16 4 1
github.com/factly/dega-server/service/fact-check/service/rating.go:141.16,145.3 3 1
github.com/factly/dega-server/service/fact-check/service/rating.go:147.2,150.21 3 1
github.com/factly/dega-server/service/fact-check/service/rating.go:154.70,160.24 4 1
github.com/factly/dega-server/service/fact-check/service/rating.go:160.24,163.3 2 0
github.com/factly/dega-server/service/fact-check/service/rating.go:165.2,169.12 4 1
github.com/factly/dega-server/service/fact-check/service/rating.go:173.72,181.2 4 1
github.com/factly/dega-server/service/fact-check/service/rating.go:184.116,195.19 5 1
github.com/factly/dega-server/service/fact-check/service/rating.go:195.19,197.3 1 1
github.com/factly/dega-server/service/fact-check/service/rating.go:197.8,199.3 1 1
github.com/factly/dega-server/service/fact-check/service/rating.go:201.2,201.16 1 1
github.com/factly/dega-server/service/fact-check/service/rating.go:201.16,204.3 2 0
github.com/factly/dega-server/service/fact-check/service/rating.go:206.2,206.20 1 1
github.com/factly/dega-server/service/fact-check/service/rating.go:210.107,215.26 4 1
github.com/factly/dega-server/service/fact-check/service/rating.go:215.26,218.3 2 1
github.com/factly/dega-server/service/fact-check/service/rating.go:220.2,227.16 2 1
github.com/factly/dega-server/service/fact-check/service/rating.go:227.16,230.3 2 0
github.com/factly/dega-server/service/fact-check/service/rating.go:232.2,239.32 5 1
github.com/factly/dega-server/service/fact-check/service/rating.go:239.32,241.3 1 0
github.com/factly/dega-server/service/fact-check/service/rating.go:241.8,241.58 1 1
github.com/factly/dega-server/service/fact-check/service/rating.go:241.58,243.3 1 1
github.com/factly/dega-server/service/fact-check/service/rating.go:243.8,245.3 1 0
github.com/factly/dega-server/service/fact-check/service/rating.go:248.2,248.85 1 1
github.com/factly/dega-server/service/fact-check/service/rating.go:248.85,251.3 2 1
github.com/factly/dega-server/service/fact-check/service/rating.go:253.2,253.48 1 1
github.com/factly/dega-server/service/fact-check/service/rating.go:253.48,261.27 3 1
github.com/factly/dega-server/service/fact-check/service/rating.go:261.27,264.4 2 0
github.com/factly/dega-server/service/fact-check/service/rating.go:267.2,269.44 3 1
github.com/factly/dega-server/service/fact-check/service/rating.go:269.44,271.17 2 0
github.com/factly/dega-server/service/fact-check/service/rating.go:271.17,274.4 2 0
github.com/factly/dega-server/service/fact-check/service/rating.go:276.3,277.17 2 0
github.com/factly/dega-server/service/fact-check/service/rating.go:277.17,280.4 2 0
github.com/factly/dega-server/service/fact-check/service/rating.go:283.2,303.26 3 1
github.com/factly/dega-server/service/fact-check/service/rating.go:303.26,305.3 1 1
github.com/factly/dega-server/service/fact-check/service/rating.go:307.2,309.16 2 1
github.com/factly/dega-server/service/fact-check/service/rating.go:309.16,313.3 3 0
github.com/factly/dega-server/service/fact-check/service/rating.go:315.2,317.21 2 1
github.com/factly/dega-server/service/fact-check/service/rating.go:320.40,324.2 1 1
github.com/factly/dega-server/service/fact-check/service/rating.go:326.119,330.25 3 1
github.com/factly/dega-server/service/fact-check/service/rating.go:330.25,333.17 3 1
github.com/factly/dega-server/service/fact-check/service/rating.go:333.17,336.4 2 0
github.com/factly/dega-server/service/fact-check/service/rating.go:338.3,339.17 2 1
github.com/factly/dega-server/service/fact-check/service/rating.go:339.17,343.4 3 0
github.com/factly/dega-server/service/fact-check/service/rating.go:345.3,345.68 1 1
github.com/factly/dega-server/service/fact-check/service/rating.go:348.2,352.20 5 1
