mode: set
github.com/factly/dega-server/service/core/action/tag/create.go:31.53,34.16 2 1
github.com/factly/dega-server/service/core/action/tag/create.go:34.16,38.3 3 0
github.com/factly/dega-server/service/core/action/tag/create.go:40.2,41.16 2 1
github.com/factly/dega-server/service/core/action/tag/create.go:41.16,45.3 3 0
github.com/factly/dega-server/service/core/action/tag/create.go:47.2,49.16 3 1
github.com/factly/dega-server/service/core/action/tag/create.go:49.16,53.3 3 1
github.com/factly/dega-server/service/core/action/tag/create.go:55.2,57.23 3 1
github.com/factly/dega-server/service/core/action/tag/create.go:57.23,60.3 2 1
github.com/factly/dega-server/service/core/action/tag/create.go:63.2,73.28 2 1
github.com/factly/dega-server/service/core/action/tag/create.go:73.28,75.3 1 0
github.com/factly/dega-server/service/core/action/tag/create.go:77.2,77.22 1 1
github.com/factly/dega-server/service/core/action/tag/create.go:77.22,78.66 1 0
github.com/factly/dega-server/service/core/action/tag/create.go:78.66,79.64 1 0
github.com/factly/dega-server/service/core/action/tag/create.go:79.64,83.5 3 0
github.com/factly/dega-server/service/core/action/tag/create.go:87.2,87.45 1 1
github.com/factly/dega-server/service/core/action/tag/delete.go:29.53,34.16 3 1
github.com/factly/dega-server/service/core/action/tag/delete.go:34.16,38.3 3 1
github.com/factly/dega-server/service/core/action/tag/delete.go:40.2,41.16 2 1
github.com/factly/dega-server/service/core/action/tag/delete.go:41.16,45.3 3 0
github.com/factly/dega-server/service/core/action/tag/delete.go:48.2,52.16 3 1
github.com/factly/dega-server/service/core/action/tag/delete.go:52.16,56.3 3 1
github.com/factly/dega-server/service/core/action/tag/delete.go:58.2,59.23 2 1
github.com/factly/dega-server/service/core/action/tag/delete.go:59.23,63.3 3 1
github.com/factly/dega-server/service/core/action/tag/delete.go:65.2,65.28 1 1
github.com/factly/dega-server/service/core/action/tag/delete.go:65.28,67.3 1 0
github.com/factly/dega-server/service/core/action/tag/delete.go:69.2,69.22 1 1
github.com/factly/dega-server/service/core/action/tag/delete.go:69.22,70.66 1 0
github.com/factly/dega-server/service/core/action/tag/delete.go:70.66,71.64 1 0
github.com/factly/dega-server/service/core/action/tag/delete.go:71.64,75.5 3 0
github.com/factly/dega-server/service/core/action/tag/delete.go:79.2,79.37 1 1
github.com/factly/dega-server/service/core/action/tag/details.go:26.54,31.16 3 1
github.com/factly/dega-server/service/core/action/tag/details.go:31.16,35.3 3 1
github.com/factly/dega-server/service/core/action/tag/details.go:37.2,38.16 2 1
github.com/factly/dega-server/service/core/action/tag/details.go:38.16,42.3 3 0
github.com/factly/dega-server/service/core/action/tag/details.go:44.2,47.16 3 1
github.com/factly/dega-server/service/core/action/tag/details.go:47.16,51.3 3 1
github.com/factly/dega-server/service/core/action/tag/details.go:53.2,53.40 1 1
github.com/factly/dega-server/service/core/action/tag/feed.go:18.52,21.16 3 0
github.com/factly/dega-server/service/core/action/tag/feed.go:21.16,25.3 3 0
github.com/factly/dega-server/service/core/action/tag/feed.go:27.2,29.19 3 0
github.com/factly/dega-server/service/core/action/tag/feed.go:29.19,31.3 1 0
github.com/factly/dega-server/service/core/action/tag/feed.go:33.2,38.106 5 0
github.com/factly/dega-server/service/core/action/tag/feed.go:38.106,42.3 3 0
github.com/factly/dega-server/service/core/action/tag/feed.go:44.2,47.31 4 0
github.com/factly/dega-server/service/core/action/tag/feed.go:47.31,49.3 1 0
github.com/factly/dega-server/service/core/action/tag/feed.go:51.2,61.41 5 0
github.com/factly/dega-server/service/core/action/tag/feed.go:61.41,65.3 3 0
github.com/factly/dega-server/service/core/action/tag/list.go:28.51,31.16 2 1
github.com/factly/dega-server/service/core/action/tag/list.go:31.16,35.3 3 0
github.com/factly/dega-server/service/core/action/tag/list.go:37.2,40.19 3 1
github.com/factly/dega-server/service/core/action/tag/list.go:40.19,42.3 1 1
github.com/factly/dega-server/service/core/action/tag/list.go:44.2,48.24 4 1
github.com/factly/dega-server/service/core/action/tag/list.go:48.24,51.3 2 0
github.com/factly/dega-server/service/core/action/tag/list.go:52.2,52.40 1 1
github.com/factly/dega-server/service/core/action/tag/route.go:9.26,17.42 5 1
github.com/factly/dega-server/service/core/action/tag/route.go:17.42,21.3 3 1
github.com/factly/dega-server/service/core/action/tag/route.go:23.2,23.10 1 1
github.com/factly/dega-server/service/core/action/tag/update.go:32.53,36.16 3 1
github.com/factly/dega-server/service/core/action/tag/update.go:36.16,40.3 3 1
github.com/factly/dega-server/service/core/action/tag/update.go:42.2,43.16 2 1
github.com/factly/dega-server/service/core/action/tag/update.go:43.16,47.3 3 0
github.com/factly/dega-server/service/core/action/tag/update.go:49.2,50.16 2 1
github.com/factly/dega-server/service/core/action/tag/update.go:50.16,54.3 3 0
github.com/factly/dega-server/service/core/action/tag/update.go:56.2,60.16 3 1
github.com/factly/dega-server/service/core/action/tag/update.go:60.16,64.3 3 1
github.com/factly/dega-server/service/core/action/tag/update.go:66.2,68.16 3 1
github.com/factly/dega-server/service/core/action/tag/update.go:68.16,72.3 3 1
github.com/factly/dega-server/service/core/action/tag/update.go:74.2,75.23 2 1
github.com/factly/dega-server/service/core/action/tag/update.go:75.23,78.3 2 1
github.com/factly/dega-server/service/core/action/tag/update.go:81.2,91.28 2 1
github.com/factly/dega-server/service/core/action/tag/update.go:91.28,93.3 1 0
github.com/factly/dega-server/service/core/action/tag/update.go:95.2,95.22 1 1
github.com/factly/dega-server/service/core/action/tag/update.go:95.22,96.66 1 0
github.com/factly/dega-server/service/core/action/tag/update.go:96.66,97.64 1 0
github.com/factly/dega-server/service/core/action/tag/update.go:97.64,101.5 3 0
github.com/factly/dega-server/service/core/action/tag/update.go:105.2,105.40 1 1
